This file contains any messages produced by compilers while
running configure, to aid debugging if configure makes a mistake.

It was created by SUGAR configure 3.1, which was
generated by GNU Autoconf 2.57.  Invocation command line was

  $ ./configure --without-x

## --------- ##
## Platform. ##
## --------- ##

hostname = MONGOOSE
uname -m = i686
uname -r = 1.3.2(0.39/3/2)
uname -s = CYGWIN_NT-5.0
uname -v = 2001-05-20 23:28

/usr/bin/uname -p = unknown
/bin/uname -X     = unknown

/bin/arch              = unknown
/usr/bin/arch -k       = unknown
/usr/convex/getsysinfo = unknown
hostinfo               = unknown
/bin/machine           = unknown
/usr/bin/oslevel       = unknown
/bin/universe          = unknown

PATH: /cygdrive/c/mingw/bin
PATH: /usr/local/bin
PATH: /usr/bin
PATH: /bin
PATH: /cygdrive/c/WINNT/system32
PATH: /cygdrive/c/WINNT
PATH: /cygdrive/c/WINNT/System32/Wbem
PATH: /cygdrive/c/PROGRAM FILES/THINKPAD/UTILITIES
PATH: /cygdrive/c/matlab6p5/bin/win32
PATH: /cygdrive/c/Program Files/Ansys Inc/ANSYS57/bin/intel
PATH: /cygdrive/c/Program Files/Microsoft Visual Studio/Common/Tools/WinNT
PATH: /cygdrive/c/Program Files/Microsoft Visual Studio/Common/MSDev98/Bin
PATH: /cygdrive/c/Program Files/Microsoft Visual Studio/Common/Tools
PATH: /cygdrive/c/Program Files/Microsoft Visual Studio/VC98/bin


## ----------- ##
## Core tests. ##
## ----------- ##

configure:1386: checking for gcc
configure:1402: found /cygdrive/c/mingw/bin/gcc
configure:1412: result: gcc
configure:1656: checking for C compiler version
configure:1659: gcc --version </dev/null >&5
gcc.exe (GCC) 3.2 (mingw special 20020817-1)
Copyright (C) 2002 Free Software Foundation, Inc.
This is free software; see the source for copying conditions.  There is NO
warranty; not even for MERCHANTABILITY or FITNESS FOR A PARTICULAR PURPOSE.

configure:1662: $? = 0
configure:1664: gcc -v </dev/null >&5
Reading specs from c:/mingw/bin/../lib/gcc-lib/mingw32/3.2/specs
Configured with: ../gcc/configure --with-gcc --with-gnu-ld --with-gnu-as --host=mingw32 --target=mingw32 --prefix=/mingw --enable-threads --disable-nls --enable-languages=f77,c++,objc,ada --disable-win32-registry --disable-shared
Thread model: win32
gcc version 3.2 (mingw special 20020817-1)
configure:1667: $? = 0
configure:1669: gcc -V </dev/null >&5
gcc.exe: argument to `-V' is missing
configure:1672: $? = 1
configure:1696: checking for C compiler default output
configure:1699: gcc    conftest.c  >&5
configure:1702: $? = 0
configure:1748: result: a.exe
configure:1753: checking whether the C compiler works
configure:1759: ./a.exe
configure:1762: $? = 0
configure:1779: result: yes
configure:1786: checking whether we are cross compiling
configure:1788: result: no
configure:1791: checking for suffix of executables
configure:1793: gcc -o conftest.exe    conftest.c  >&5
configure:1796: $? = 0
configure:1821: result: .exe
configure:1827: checking for suffix of object files
configure:1849: gcc -c   conftest.c >&5
configure:1852: $? = 0
configure:1874: result: o
configure:1878: checking whether we are using the GNU C compiler
configure:1903: gcc -c   conftest.c >&5
configure:1906: $? = 0
configure:1909: test -s conftest.o
configure:1912: $? = 0
configure:1925: result: yes
configure:1931: checking whether gcc accepts -g
configure:1953: gcc -c -g  conftest.c >&5
configure:1956: $? = 0
configure:1959: test -s conftest.o
configure:1962: $? = 0
configure:1973: result: yes
configure:1990: checking for gcc option to accept ANSI C
configure:2051: gcc  -c -g -O2  conftest.c >&5
configure:2054: $? = 0
configure:2057: test -s conftest.o
configure:2060: $? = 0
configure:2078: result: none needed
configure:2096: gcc -c -g -O2  conftest.c >&5
conftest.c:2: parse error before "me"
configure:2099: $? = 1
configure: failed program was:
| #ifndef __cplusplus
|   choke me
| #endif
configure:2260: checking for g++
configure:2276: found /cygdrive/c/mingw/bin/g++
configure:2286: result: g++
configure:2302: checking for C++ compiler version
configure:2305: g++ --version </dev/null >&5
g++.exe (GCC) 3.2 (mingw special 20020817-1)
Copyright (C) 2002 Free Software Foundation, Inc.
This is free software; see the source for copying conditions.  There is NO
warranty; not even for MERCHANTABILITY or FITNESS FOR A PARTICULAR PURPOSE.

configure:2308: $? = 0
configure:2310: g++ -v </dev/null >&5
Reading specs from c:/mingw/bin/../lib/gcc-lib/mingw32/3.2/specs
Configured with: ../gcc/configure --with-gcc --with-gnu-ld --with-gnu-as --host=mingw32 --target=mingw32 --prefix=/mingw --enable-threads --disable-nls --enable-languages=f77,c++,objc,ada --disable-win32-registry --disable-shared
Thread model: win32
gcc version 3.2 (mingw special 20020817-1)
configure:2313: $? = 0
configure:2315: g++ -V </dev/null >&5
g++.exe: argument to `-V' missing

configure:2318: $? = 1
configure:2321: checking whether we are using the GNU C++ compiler
configure:2346: g++ -c   conftest.cc >&5
configure:2349: $? = 0
configure:2352: test -s conftest.o
configure:2355: $? = 0
configure:2368: result: yes
configure:2374: checking whether g++ accepts -g
configure:2396: g++ -c -g  conftest.cc >&5
configure:2399: $? = 0
configure:2402: test -s conftest.o
configure:2405: $? = 0
configure:2416: result: yes
configure:2460: g++ -c -g -O2  conftest.cc >&5
configure:2463: $? = 0
configure:2466: test -s conftest.o
configure:2469: $? = 0
configure:2496: g++ -c -g -O2  conftest.cc >&5
configure: In function `int main()':
configure:2491: `exit' undeclared (first use this function)
configure:2491: (Each undeclared identifier is reported only once for each 
   function it appears in.)
configure:2499: $? = 1
configure: failed program was:
| #line 2479 "configure"
| /* confdefs.h.  */
| 
| #define PACKAGE_NAME "SUGAR"
| #define PACKAGE_TARNAME "sugar"
| #define PACKAGE_VERSION "3.1"
| #define PACKAGE_STRING "SUGAR 3.1"
| #define PACKAGE_BUGREPORT "dbindel@cs.berkeley.edu"
| /* end confdefs.h.  */
| 
| int
| main ()
| {
| exit (42);
|   ;
|   return 0;
| }
configure:2460: g++ -c -g -O2  conftest.cc >&5
configure:2463: $? = 0
configure:2466: test -s conftest.o
configure:2469: $? = 0
configure:2496: g++ -c -g -O2  conftest.cc >&5
configure:2499: $? = 0
configure:2502: test -s conftest.o
configure:2505: $? = 0
configure:2579: checking for g77
configure:2595: found /cygdrive/c/mingw/bin/g77
configure:2605: result: g77
configure:2620: checking for Fortran 77 compiler version
configure:2623: g77 --version </dev/null >&5
GNU Fortran (GCC 3.2 (mingw special 20020817-1)) 3.2 20020814 (release)
Copyright (C) 2002 Free Software Foundation, Inc.

GNU Fortran comes with NO WARRANTY, to the extent permitted by law.
You may redistribute copies of GNU Fortran
under the terms of the GNU General Public License.
For more information about these matters, see the file named COPYING
or type the command `info -f g77 Copying'.
configure:2626: $? = 0
configure:2628: g77 -v </dev/null >&5
Reading specs from c:/mingw/bin/../lib/gcc-lib/mingw32/3.2/specs
Configured with: ../gcc/configure --with-gcc --with-gnu-ld --with-gnu-as --host=mingw32 --target=mingw32 --prefix=/mingw --enable-threads --disable-nls --enable-languages=f77,c++,objc,ada --disable-win32-registry --disable-shared
Thread model: win32
gcc version 3.2 (mingw special 20020817-1)
configure:2631: $? = 0
configure:2633: g77 -V </dev/null >&5
g77.exe: argument to `-V' missing
configure:2636: $? = 1
configure:2643: checking whether we are using the GNU Fortran 77 compiler
configure:2657: g77 -c  conftest.F >&5
configure:2660: $? = 0
configure:2663: test -s conftest.o
configure:2666: $? = 0
configure:2679: result: yes
configure:2686: checking whether g77 accepts -g
configure:2698: g77 -c -g conftest.f >&5
configure:2701: $? = 0
configure:2704: test -s conftest.o
configure:2707: $? = 0
configure:2719: result: yes
configure:2742: checking whether make sets $(MAKE)
configure:2762: result: yes
configure:2783: checking for a BSD-compatible install
configure:2837: result: /usr/bin/install -c
configure:2889: checking for ranlib
configure:2905: found /cygdrive/c/mingw/bin/ranlib
configure:2916: result: ranlib
configure:3004: checking for mex
configure:3037: result: no
configure:3004: checking for mex.bat
configure:3022: found /cygdrive/c/matlab6p5/bin/win32/mex.bat
configure:3034: result: /cygdrive/c/matlab6p5/bin/win32/mex.bat
configure:3053: checking for ar
configure:3071: found /cygdrive/c/mingw/bin/ar
configure:3083: result: /cygdrive/c/mingw/bin/ar
configure:3100: checking how to get verbose linking output from g77
configure:3112: g77 -c -g -O2 conftest.f >&5
configure:3115: $? = 0
configure:3118: test -s conftest.o
configure:3121: $? = 0
configure:3143: g77 -o conftest.exe -g -O2 -v  conftest.f  >&5
Reading specs from c:/mingw/bin/../lib/gcc-lib/mingw32/3.2/specs
Configured with: ../gcc/configure --with-gcc --with-gnu-ld --with-gnu-as --host=mingw32 --target=mingw32 --prefix=/mingw --enable-threads --disable-nls --enable-languages=f77,c++,objc,ada --disable-win32-registry --disable-shared
Thread model: win32
gcc version 3.2 (mingw special 20020817-1)
 c:\mingw\bin\..\lib\gcc-lib\mingw32\3.2\f771.exe conftest.f -quiet -dumpbase conftest.f -g -O2 -version -o c:\DOCUME~1\DBINDE~1.EEC\LOCALS~1\Temp/ccgtaaaa.s
GNU F77 version 3.2 (mingw special 20020817-1) (mingw32)
	compiled by GNU C version 3.2.
 c:\mingw\bin\..\lib\gcc-lib\mingw32\3.2\..\..\..\..\mingw32\bin\as.exe -o c:\DOCUME~1\DBINDE~1.EEC\LOCALS~1\Temp/ccmMaaaa.o c:\DOCUME~1\DBINDE~1.EEC\LOCALS~1\Temp/ccgtaaaa.s
 c:\mingw\bin\..\lib\gcc-lib\mingw32\3.2\..\..\..\..\mingw32\bin\ld.exe -Bdynamic -o conftest.exe c:/mingw/bin/../lib/gcc-lib/mingw32/3.2/../../../crt2.o c:/mingw/bin/../lib/gcc-lib/mingw32/3.2/crtbegin.o -Lc:/mingw/bin/../lib/gcc-lib/mingw32/3.2 -Lc:/mingw/bin/../lib/gcc-lib -L/mingw/lib/gcc-lib/mingw32/3.2 -Lc:/mingw/bin/../lib/gcc-lib/mingw32/3.2/../../../../mingw32/lib -L/mingw/lib/gcc-lib/mingw32/3.2/../../../../mingw32/lib -Lc:/mingw/bin/../lib/gcc-lib/mingw32/3.2/../../.. -L/mingw/lib/gcc-lib/mingw32/3.2/../../.. c:\DOCUME~1\DBINDE~1.EEC\LOCALS~1\Temp/ccmMaaaa.o -lfrtbegin -lg2c -lmingw32 -lgcc -lmoldname -lmingwex -lmsvcrt -luser32 -lkernel32 -ladvapi32 -lshell32 -lmingw32 -lgcc -lmoldname -lmingwex -lmsvcrt c:/mingw/bin/../lib/gcc-lib/mingw32/3.2/crtend.o
configure:3195: result: -v
configure:3197: checking for Fortran 77 libraries
configure:3223: g77 -o conftest.exe -g -O2 -v  conftest.f  >&5
Reading specs from c:/mingw/bin/../lib/gcc-lib/mingw32/3.2/specs
Configured with: ../gcc/configure --with-gcc --with-gnu-ld --with-gnu-as --host=mingw32 --target=mingw32 --prefix=/mingw --enable-threads --disable-nls --enable-languages=f77,c++,objc,ada --disable-win32-registry --disable-shared
Thread model: win32
gcc version 3.2 (mingw special 20020817-1)
 c:\mingw\bin\..\lib\gcc-lib\mingw32\3.2\f771.exe conftest.f -quiet -dumpbase conftest.f -g -O2 -version -o c:\DOCUME~1\DBINDE~1.EEC\LOCALS~1\Temp/ccKsaaaa.s
GNU F77 version 3.2 (mingw special 20020817-1) (mingw32)
	compiled by GNU C version 3.2.
 c:\mingw\bin\..\lib\gcc-lib\mingw32\3.2\..\..\..\..\mingw32\bin\as.exe -o c:\DOCUME~1\DBINDE~1.EEC\LOCALS~1\Temp/cckLaaaa.o c:\DOCUME~1\DBINDE~1.EEC\LOCALS~1\Temp/ccKsaaaa.s
 c:\mingw\bin\..\lib\gcc-lib\mingw32\3.2\..\..\..\..\mingw32\bin\ld.exe -Bdynamic -o conftest.exe c:/mingw/bin/../lib/gcc-lib/mingw32/3.2/../../../crt2.o c:/mingw/bin/../lib/gcc-lib/mingw32/3.2/crtbegin.o -Lc:/mingw/bin/../lib/gcc-lib/mingw32/3.2 -Lc:/mingw/bin/../lib/gcc-lib -L/mingw/lib/gcc-lib/mingw32/3.2 -Lc:/mingw/bin/../lib/gcc-lib/mingw32/3.2/../../../../mingw32/lib -L/mingw/lib/gcc-lib/mingw32/3.2/../../../../mingw32/lib -Lc:/mingw/bin/../lib/gcc-lib/mingw32/3.2/../../.. -L/mingw/lib/gcc-lib/mingw32/3.2/../../.. c:\DOCUME~1\DBINDE~1.EEC\LOCALS~1\Temp/cckLaaaa.o -lfrtbegin -lg2c -lmingw32 -lgcc -lmoldname -lmingwex -lmsvcrt -luser32 -lkernel32 -ladvapi32 -lshell32 -lmingw32 -lgcc -lmoldname -lmingwex -lmsvcrt c:/mingw/bin/../lib/gcc-lib/mingw32/3.2/crtend.o
configure:3381: result:  -Lc:/mingw/bin/../lib/gcc-lib/mingw32/3.2 -Lc:/mingw/bin/../lib/gcc-lib -L/mingw/lib/gcc-lib/mingw32/3.2 -Lc:/mingw/bin/../lib/gcc-lib/mingw32/3.2/../../../../mingw32/lib -L/mingw/lib/gcc-lib/mingw32/3.2/../../../../mingw32/lib -Lc:/mingw/bin/../lib/gcc-lib/mingw32/3.2/../../.. -L/mingw/lib/gcc-lib/mingw32/3.2/../../.. -lfrtbegin -lg2c -lmingw32 -lmoldname -lmingwex -lmsvcrt -luser32 -lkernel32 -ladvapi32 -lshell32
configure:3393: checking for cos in -lm
configure:3424: gcc -o conftest.exe -g -O2   conftest.c -lm   >&5
configure:3418: warning: conflicting types for built-in function `cos'
configure:3427: $? = 0
configure:3430: test -s conftest.exe
configure:3433: $? = 0
configure:3445: result: yes
configure:3457: checking for dummy main to link with Fortran 77 libraries
configure:3494: gcc -o conftest.exe -g -O2   conftest.c -lm   -Lc:/mingw/bin/../lib/gcc-lib/mingw32/3.2 -Lc:/mingw/bin/../lib/gcc-lib -L/mingw/lib/gcc-lib/mingw32/3.2 -Lc:/mingw/bin/../lib/gcc-lib/mingw32/3.2/../../../../mingw32/lib -L/mingw/lib/gcc-lib/mingw32/3.2/../../../../mingw32/lib -Lc:/mingw/bin/../lib/gcc-lib/mingw32/3.2/../../.. -L/mingw/lib/gcc-lib/mingw32/3.2/../../.. -lfrtbegin -lg2c -lmingw32 -lmoldname -lmingwex -lmsvcrt -luser32 -lkernel32 -ladvapi32 -lshell32 >&5
configure:3497: $? = 0
configure:3500: test -s conftest.exe
configure:3503: $? = 0
configure:3568: result: none
configure:3588: checking for Fortran 77 name-mangling scheme
configure:3606: g77 -c -g -O2 conftest.f >&5
configure:3609: $? = 0
configure:3612: test -s conftest.o
configure:3615: $? = 0
configure:3662: gcc -o conftest.exe -g -O2   conftest.c cf77_test.o -lm   -Lc:/mingw/bin/../lib/gcc-lib/mingw32/3.2 -Lc:/mingw/bin/../lib/gcc-lib -L/mingw/lib/gcc-lib/mingw32/3.2 -Lc:/mingw/bin/../lib/gcc-lib/mingw32/3.2/../../../../mingw32/lib -L/mingw/lib/gcc-lib/mingw32/3.2/../../../../mingw32/lib -Lc:/mingw/bin/../lib/gcc-lib/mingw32/3.2/../../.. -L/mingw/lib/gcc-lib/mingw32/3.2/../../.. -lfrtbegin -lg2c -lmingw32 -lmoldname -lmingwex -lmsvcrt -luser32 -lkernel32 -ladvapi32 -lshell32 >&5
c:\DOCUME~1\DBINDE~1.EEC\LOCALS~1\Temp/ccgJaaaa.o: In function `main':
C:/cygwin/home/dbindel/sugar/export/sugar/sugar30/configure:3661: undefined reference to `foobar'
configure:3665: $? = 1
configure: failed program was:
| #line 3632 "configure"
| /* confdefs.h.  */
| 
| #define PACKAGE_NAME "SUGAR"
| #define PACKAGE_TARNAME "sugar"
| #define PACKAGE_VERSION "3.1"
| #define PACKAGE_STRING "SUGAR 3.1"
| #define PACKAGE_BUGREPORT "dbindel@cs.berkeley.edu"
| #ifdef __cplusplus
| #include <stdlib.h>
| #endif
| #define HAVE_LIBM 1
| /* end confdefs.h.  */
| 
| /* Override any gcc2 internal prototype to avoid an error.  */
| #ifdef __cplusplus
| extern "C"
| #endif
| /* We use char because int might match the return type of a gcc2
|    builtin and then its argument prototype would still apply.  */
| char foobar ();
| #ifdef F77_DUMMY_MAIN
| #  ifdef __cplusplus
|      extern "C"
| #  endif
|    int F77_DUMMY_MAIN() { return 1; }
| #endif
| int
| main ()
| {
| foobar ();
|   ;
|   return 0;
| }
configure:3662: gcc -o conftest.exe -g -O2   conftest.c cf77_test.o -lm   -Lc:/mingw/bin/../lib/gcc-lib/mingw32/3.2 -Lc:/mingw/bin/../lib/gcc-lib -L/mingw/lib/gcc-lib/mingw32/3.2 -Lc:/mingw/bin/../lib/gcc-lib/mingw32/3.2/../../../../mingw32/lib -L/mingw/lib/gcc-lib/mingw32/3.2/../../../../mingw32/lib -Lc:/mingw/bin/../lib/gcc-lib/mingw32/3.2/../../.. -L/mingw/lib/gcc-lib/mingw32/3.2/../../.. -lfrtbegin -lg2c -lmingw32 -lmoldname -lmingwex -lmsvcrt -luser32 -lkernel32 -ladvapi32 -lshell32 >&5
configure:3665: $? = 0
configure:3668: test -s conftest.exe
configure:3671: $? = 0
configure:3728: gcc -o conftest.exe -g -O2   conftest.c cf77_test.o -lm   -Lc:/mingw/bin/../lib/gcc-lib/mingw32/3.2 -Lc:/mingw/bin/../lib/gcc-lib -L/mingw/lib/gcc-lib/mingw32/3.2 -Lc:/mingw/bin/../lib/gcc-lib/mingw32/3.2/../../../../mingw32/lib -L/mingw/lib/gcc-lib/mingw32/3.2/../../../../mingw32/lib -Lc:/mingw/bin/../lib/gcc-lib/mingw32/3.2/../../.. -L/mingw/lib/gcc-lib/mingw32/3.2/../../.. -lfrtbegin -lg2c -lmingw32 -lmoldname -lmingwex -lmsvcrt -luser32 -lkernel32 -ladvapi32 -lshell32 >&5
c:\DOCUME~1\DBINDE~1.EEC\LOCALS~1\Temp/ccgJaaaa.o: In function `main':
C:/cygwin/home/dbindel/sugar/export/sugar/sugar30/configure:3727: undefined reference to `foo_bar_'
configure:3731: $? = 1
configure: failed program was:
| #line 3698 "configure"
| /* confdefs.h.  */
| 
| #define PACKAGE_NAME "SUGAR"
| #define PACKAGE_TARNAME "sugar"
| #define PACKAGE_VERSION "3.1"
| #define PACKAGE_STRING "SUGAR 3.1"
| #define PACKAGE_BUGREPORT "dbindel@cs.berkeley.edu"
| #ifdef __cplusplus
| #include <stdlib.h>
| #endif
| #define HAVE_LIBM 1
| /* end confdefs.h.  */
| 
| /* Override any gcc2 internal prototype to avoid an error.  */
| #ifdef __cplusplus
| extern "C"
| #endif
| /* We use char because int might match the return type of a gcc2
|    builtin and then its argument prototype would still apply.  */
| char foo_bar_ ();
| #ifdef F77_DUMMY_MAIN
| #  ifdef __cplusplus
|      extern "C"
| #  endif
|    int F77_DUMMY_MAIN() { return 1; }
| #endif
| int
| main ()
| {
| foo_bar_ ();
|   ;
|   return 0;
| }
configure:3728: gcc -o conftest.exe -g -O2   conftest.c cf77_test.o -lm   -Lc:/mingw/bin/../lib/gcc-lib/mingw32/3.2 -Lc:/mingw/bin/../lib/gcc-lib -L/mingw/lib/gcc-lib/mingw32/3.2 -Lc:/mingw/bin/../lib/gcc-lib/mingw32/3.2/../../../../mingw32/lib -L/mingw/lib/gcc-lib/mingw32/3.2/../../../../mingw32/lib -Lc:/mingw/bin/../lib/gcc-lib/mingw32/3.2/../../.. -L/mingw/lib/gcc-lib/mingw32/3.2/../../.. -lfrtbegin -lg2c -lmingw32 -lmoldname -lmingwex -lmsvcrt -luser32 -lkernel32 -ladvapi32 -lshell32 >&5
configure:3731: $? = 0
configure:3734: test -s conftest.exe
configure:3737: $? = 0
configure:3791: result: lower case, underscore, extra underscore
configure:3900: checking for sgemm_
configure:3956: gcc -o conftest.exe -g -O2   conftest.c -lm   -Lc:/mingw/bin/../lib/gcc-lib/mingw32/3.2 -Lc:/mingw/bin/../lib/gcc-lib -L/mingw/lib/gcc-lib/mingw32/3.2 -Lc:/mingw/bin/../lib/gcc-lib/mingw32/3.2/../../../../mingw32/lib -L/mingw/lib/gcc-lib/mingw32/3.2/../../../../mingw32/lib -Lc:/mingw/bin/../lib/gcc-lib/mingw32/3.2/../../.. -L/mingw/lib/gcc-lib/mingw32/3.2/../../.. -lfrtbegin -lg2c -lmingw32 -lmoldname -lmingwex -lmsvcrt -luser32 -lkernel32 -ladvapi32 -lshell32 >&5
c:\DOCUME~1\DBINDE~1.EEC\LOCALS~1\Temp/ccKwaaaa.o: In function `main':
C:/cygwin/home/dbindel/sugar/export/sugar/sugar30/configure:3955: undefined reference to `sgemm_'
C:/cygwin/home/dbindel/sugar/export/sugar/sugar30/configure:3954: undefined reference to `sgemm_'
configure:3959: $? = 1
configure: failed program was:
| #line 3905 "configure"
| /* confdefs.h.  */
| 
| #define PACKAGE_NAME "SUGAR"
| #define PACKAGE_TARNAME "sugar"
| #define PACKAGE_VERSION "3.1"
| #define PACKAGE_STRING "SUGAR 3.1"
| #define PACKAGE_BUGREPORT "dbindel@cs.berkeley.edu"
| #ifdef __cplusplus
| #include <stdlib.h>
| #endif
| #define HAVE_LIBM 1
| /* end confdefs.h.  */
| /* System header to define __stub macros and hopefully few prototypes,
|     which can conflict with char sgemm_ (); below.
|     Prefer <limits.h> to <assert.h> if __STDC__ is defined, since
|     <limits.h> exists even on freestanding compilers.  */
| #ifdef __STDC__
| # include <limits.h>
| #else
| # include <assert.h>
| #endif
| /* Override any gcc2 internal prototype to avoid an error.  */
| #ifdef __cplusplus
| extern "C"
| {
| #endif
| /* We use char because int might match the return type of a gcc2
|    builtin and then its argument prototype would still apply.  */
| char sgemm_ ();
| /* The GNU C library defines this for functions which it implements
|     to always fail with ENOSYS.  Some functions are actually named
|     something starting with __ and the normal name is an alias.  */
| #if defined (__stub_sgemm_) || defined (__stub___sgemm_)
| choke me
| #else
| char (*f) () = sgemm_;
| #endif
| #ifdef __cplusplus
| }
| #endif
| 
| #ifdef F77_DUMMY_MAIN
| #  ifdef __cplusplus
|      extern "C"
| #  endif
|    int F77_DUMMY_MAIN() { return 1; }
| #endif
| int
| main ()
| {
| return f != sgemm_;
|   ;
|   return 0;
| }
configure:3976: result: no
configure:3987: checking for ATL_xerbla in -latlas
configure:4024: gcc -o conftest.exe -g -O2   conftest.c -latlas  -lm   -Lc:/mingw/bin/../lib/gcc-lib/mingw32/3.2 -Lc:/mingw/bin/../lib/gcc-lib -L/mingw/lib/gcc-lib/mingw32/3.2 -Lc:/mingw/bin/../lib/gcc-lib/mingw32/3.2/../../../../mingw32/lib -L/mingw/lib/gcc-lib/mingw32/3.2/../../../../mingw32/lib -Lc:/mingw/bin/../lib/gcc-lib/mingw32/3.2/../../.. -L/mingw/lib/gcc-lib/mingw32/3.2/../../.. -lfrtbegin -lg2c -lmingw32 -lmoldname -lmingwex -lmsvcrt -luser32 -lkernel32 -ladvapi32 -lshell32 >&5
c:\mingw\bin\..\lib\gcc-lib\mingw32\3.2\..\..\..\..\mingw32\bin\ld.exe: cannot find -latlas
configure:4027: $? = 1
configure: failed program was:
| #line 3994 "configure"
| /* confdefs.h.  */
| 
| #define PACKAGE_NAME "SUGAR"
| #define PACKAGE_TARNAME "sugar"
| #define PACKAGE_VERSION "3.1"
| #define PACKAGE_STRING "SUGAR 3.1"
| #define PACKAGE_BUGREPORT "dbindel@cs.berkeley.edu"
| #ifdef __cplusplus
| #include <stdlib.h>
| #endif
| #define HAVE_LIBM 1
| /* end confdefs.h.  */
| 
| /* Override any gcc2 internal prototype to avoid an error.  */
| #ifdef __cplusplus
| extern "C"
| #endif
| /* We use char because int might match the return type of a gcc2
|    builtin and then its argument prototype would still apply.  */
| char ATL_xerbla ();
| #ifdef F77_DUMMY_MAIN
| #  ifdef __cplusplus
|      extern "C"
| #  endif
|    int F77_DUMMY_MAIN() { return 1; }
| #endif
| int
| main ()
| {
| ATL_xerbla ();
|   ;
|   return 0;
| }
configure:4045: result: no
configure:4184: checking for sgemm_ in -lblas
configure:4221: gcc -o conftest.exe -g -O2   conftest.c -lblas  -lm   -Lc:/mingw/bin/../lib/gcc-lib/mingw32/3.2 -Lc:/mingw/bin/../lib/gcc-lib -L/mingw/lib/gcc-lib/mingw32/3.2 -Lc:/mingw/bin/../lib/gcc-lib/mingw32/3.2/../../../../mingw32/lib -L/mingw/lib/gcc-lib/mingw32/3.2/../../../../mingw32/lib -Lc:/mingw/bin/../lib/gcc-lib/mingw32/3.2/../../.. -L/mingw/lib/gcc-lib/mingw32/3.2/../../.. -lfrtbegin -lg2c -lmingw32 -lmoldname -lmingwex -lmsvcrt -luser32 -lkernel32 -ladvapi32 -lshell32 >&5
c:\mingw\bin\..\lib\gcc-lib\mingw32\3.2\..\..\..\..\mingw32\bin\ld.exe: cannot find -lblas
configure:4224: $? = 1
configure: failed program was:
| #line 4191 "configure"
| /* confdefs.h.  */
| 
| #define PACKAGE_NAME "SUGAR"
| #define PACKAGE_TARNAME "sugar"
| #define PACKAGE_VERSION "3.1"
| #define PACKAGE_STRING "SUGAR 3.1"
| #define PACKAGE_BUGREPORT "dbindel@cs.berkeley.edu"
| #ifdef __cplusplus
| #include <stdlib.h>
| #endif
| #define HAVE_LIBM 1
| /* end confdefs.h.  */
| 
| /* Override any gcc2 internal prototype to avoid an error.  */
| #ifdef __cplusplus
| extern "C"
| #endif
| /* We use char because int might match the return type of a gcc2
|    builtin and then its argument prototype would still apply.  */
| char sgemm_ ();
| #ifdef F77_DUMMY_MAIN
| #  ifdef __cplusplus
|      extern "C"
| #  endif
|    int F77_DUMMY_MAIN() { return 1; }
| #endif
| int
| main ()
| {
| sgemm_ ();
|   ;
|   return 0;
| }
configure:4242: result: no
configure:4381: checking for sgemm_ in -lcxml
configure:4418: gcc -o conftest.exe -g -O2   conftest.c -lcxml  -lm   -Lc:/mingw/bin/../lib/gcc-lib/mingw32/3.2 -Lc:/mingw/bin/../lib/gcc-lib -L/mingw/lib/gcc-lib/mingw32/3.2 -Lc:/mingw/bin/../lib/gcc-lib/mingw32/3.2/../../../../mingw32/lib -L/mingw/lib/gcc-lib/mingw32/3.2/../../../../mingw32/lib -Lc:/mingw/bin/../lib/gcc-lib/mingw32/3.2/../../.. -L/mingw/lib/gcc-lib/mingw32/3.2/../../.. -lfrtbegin -lg2c -lmingw32 -lmoldname -lmingwex -lmsvcrt -luser32 -lkernel32 -ladvapi32 -lshell32 >&5
c:\mingw\bin\..\lib\gcc-lib\mingw32\3.2\..\..\..\..\mingw32\bin\ld.exe: cannot find -lcxml
configure:4421: $? = 1
configure: failed program was:
| #line 4388 "configure"
| /* confdefs.h.  */
| 
| #define PACKAGE_NAME "SUGAR"
| #define PACKAGE_TARNAME "sugar"
| #define PACKAGE_VERSION "3.1"
| #define PACKAGE_STRING "SUGAR 3.1"
| #define PACKAGE_BUGREPORT "dbindel@cs.berkeley.edu"
| #ifdef __cplusplus
| #include <stdlib.h>
| #endif
| #define HAVE_LIBM 1
| /* end confdefs.h.  */
| 
| /* Override any gcc2 internal prototype to avoid an error.  */
| #ifdef __cplusplus
| extern "C"
| #endif
| /* We use char because int might match the return type of a gcc2
|    builtin and then its argument prototype would still apply.  */
| char sgemm_ ();
| #ifdef F77_DUMMY_MAIN
| #  ifdef __cplusplus
|      extern "C"
| #  endif
|    int F77_DUMMY_MAIN() { return 1; }
| #endif
| int
| main ()
| {
| sgemm_ ();
|   ;
|   return 0;
| }
configure:4439: result: no
configure:4450: checking for sgemm_ in -ldxml
configure:4487: gcc -o conftest.exe -g -O2   conftest.c -ldxml  -lm   -Lc:/mingw/bin/../lib/gcc-lib/mingw32/3.2 -Lc:/mingw/bin/../lib/gcc-lib -L/mingw/lib/gcc-lib/mingw32/3.2 -Lc:/mingw/bin/../lib/gcc-lib/mingw32/3.2/../../../../mingw32/lib -L/mingw/lib/gcc-lib/mingw32/3.2/../../../../mingw32/lib -Lc:/mingw/bin/../lib/gcc-lib/mingw32/3.2/../../.. -L/mingw/lib/gcc-lib/mingw32/3.2/../../.. -lfrtbegin -lg2c -lmingw32 -lmoldname -lmingwex -lmsvcrt -luser32 -lkernel32 -ladvapi32 -lshell32 >&5
c:\mingw\bin\..\lib\gcc-lib\mingw32\3.2\..\..\..\..\mingw32\bin\ld.exe: cannot find -ldxml
configure:4490: $? = 1
configure: failed program was:
| #line 4457 "configure"
| /* confdefs.h.  */
| 
| #define PACKAGE_NAME "SUGAR"
| #define PACKAGE_TARNAME "sugar"
| #define PACKAGE_VERSION "3.1"
| #define PACKAGE_STRING "SUGAR 3.1"
| #define PACKAGE_BUGREPORT "dbindel@cs.berkeley.edu"
| #ifdef __cplusplus
| #include <stdlib.h>
| #endif
| #define HAVE_LIBM 1
| /* end confdefs.h.  */
| 
| /* Override any gcc2 internal prototype to avoid an error.  */
| #ifdef __cplusplus
| extern "C"
| #endif
| /* We use char because int might match the return type of a gcc2
|    builtin and then its argument prototype would still apply.  */
| char sgemm_ ();
| #ifdef F77_DUMMY_MAIN
| #  ifdef __cplusplus
|      extern "C"
| #  endif
|    int F77_DUMMY_MAIN() { return 1; }
| #endif
| int
| main ()
| {
| sgemm_ ();
|   ;
|   return 0;
| }
configure:4508: result: no
configure:4654: checking for sgemm_ in -lscs
configure:4691: gcc -o conftest.exe -g -O2   conftest.c -lscs  -lm   -Lc:/mingw/bin/../lib/gcc-lib/mingw32/3.2 -Lc:/mingw/bin/../lib/gcc-lib -L/mingw/lib/gcc-lib/mingw32/3.2 -Lc:/mingw/bin/../lib/gcc-lib/mingw32/3.2/../../../../mingw32/lib -L/mingw/lib/gcc-lib/mingw32/3.2/../../../../mingw32/lib -Lc:/mingw/bin/../lib/gcc-lib/mingw32/3.2/../../.. -L/mingw/lib/gcc-lib/mingw32/3.2/../../.. -lfrtbegin -lg2c -lmingw32 -lmoldname -lmingwex -lmsvcrt -luser32 -lkernel32 -ladvapi32 -lshell32 >&5
c:\mingw\bin\..\lib\gcc-lib\mingw32\3.2\..\..\..\..\mingw32\bin\ld.exe: cannot find -lscs
configure:4694: $? = 1
configure: failed program was:
| #line 4661 "configure"
| /* confdefs.h.  */
| 
| #define PACKAGE_NAME "SUGAR"
| #define PACKAGE_TARNAME "sugar"
| #define PACKAGE_VERSION "3.1"
| #define PACKAGE_STRING "SUGAR 3.1"
| #define PACKAGE_BUGREPORT "dbindel@cs.berkeley.edu"
| #ifdef __cplusplus
| #include <stdlib.h>
| #endif
| #define HAVE_LIBM 1
| /* end confdefs.h.  */
| 
| /* Override any gcc2 internal prototype to avoid an error.  */
| #ifdef __cplusplus
| extern "C"
| #endif
| /* We use char because int might match the return type of a gcc2
|    builtin and then its argument prototype would still apply.  */
| char sgemm_ ();
| #ifdef F77_DUMMY_MAIN
| #  ifdef __cplusplus
|      extern "C"
| #  endif
|    int F77_DUMMY_MAIN() { return 1; }
| #endif
| int
| main ()
| {
| sgemm_ ();
|   ;
|   return 0;
| }
configure:4712: result: no
configure:4723: checking for sgemm_ in -lcomplib.sgimath
configure:4760: gcc -o conftest.exe -g -O2   conftest.c -lcomplib.sgimath  -lm   -Lc:/mingw/bin/../lib/gcc-lib/mingw32/3.2 -Lc:/mingw/bin/../lib/gcc-lib -L/mingw/lib/gcc-lib/mingw32/3.2 -Lc:/mingw/bin/../lib/gcc-lib/mingw32/3.2/../../../../mingw32/lib -L/mingw/lib/gcc-lib/mingw32/3.2/../../../../mingw32/lib -Lc:/mingw/bin/../lib/gcc-lib/mingw32/3.2/../../.. -L/mingw/lib/gcc-lib/mingw32/3.2/../../.. -lfrtbegin -lg2c -lmingw32 -lmoldname -lmingwex -lmsvcrt -luser32 -lkernel32 -ladvapi32 -lshell32 >&5
c:\mingw\bin\..\lib\gcc-lib\mingw32\3.2\..\..\..\..\mingw32\bin\ld.exe: cannot find -lcomplib.sgimath
configure:4763: $? = 1
configure: failed program was:
| #line 4730 "configure"
| /* confdefs.h.  */
| 
| #define PACKAGE_NAME "SUGAR"
| #define PACKAGE_TARNAME "sugar"
| #define PACKAGE_VERSION "3.1"
| #define PACKAGE_STRING "SUGAR 3.1"
| #define PACKAGE_BUGREPORT "dbindel@cs.berkeley.edu"
| #ifdef __cplusplus
| #include <stdlib.h>
| #endif
| #define HAVE_LIBM 1
| /* end confdefs.h.  */
| 
| /* Override any gcc2 internal prototype to avoid an error.  */
| #ifdef __cplusplus
| extern "C"
| #endif
| /* We use char because int might match the return type of a gcc2
|    builtin and then its argument prototype would still apply.  */
| char sgemm_ ();
| #ifdef F77_DUMMY_MAIN
| #  ifdef __cplusplus
|      extern "C"
| #  endif
|    int F77_DUMMY_MAIN() { return 1; }
| #endif
| int
| main ()
| {
| sgemm_ ();
|   ;
|   return 0;
| }
configure:4781: result: no
configure:4792: checking for sgemm_ in -lblas
configure:4850: result: no
configure:4925: checking for sgemm_ in -lblas
configure:4983: result: no
configure:5316: checking how to run the C preprocessor
configure:5352: gcc -E  conftest.c
configure:5358: $? = 0
configure:5390: gcc -E  conftest.c
configure:5393:28: ac_nonexistent.h: No such file or directory
configure:5396: $? = 1
configure: failed program was:
| #line 5381 "configure"
| /* confdefs.h.  */
| 
| #define PACKAGE_NAME "SUGAR"
| #define PACKAGE_TARNAME "sugar"
| #define PACKAGE_VERSION "3.1"
| #define PACKAGE_STRING "SUGAR 3.1"
| #define PACKAGE_BUGREPORT "dbindel@cs.berkeley.edu"
| #ifdef __cplusplus
| #include <stdlib.h>
| #endif
| #define HAVE_LIBM 1
| /* end confdefs.h.  */
| #include <ac_nonexistent.h>
configure:5434: result: gcc -E
configure:5459: gcc -E  conftest.c
configure:5465: $? = 0
configure:5497: gcc -E  conftest.c
configure:5500:28: ac_nonexistent.h: No such file or directory
configure:5503: $? = 1
configure: failed program was:
| #line 5488 "configure"
| /* confdefs.h.  */
| 
| #define PACKAGE_NAME "SUGAR"
| #define PACKAGE_TARNAME "sugar"
| #define PACKAGE_VERSION "3.1"
| #define PACKAGE_STRING "SUGAR 3.1"
| #define PACKAGE_BUGREPORT "dbindel@cs.berkeley.edu"
| #ifdef __cplusplus
| #include <stdlib.h>
| #endif
| #define HAVE_LIBM 1
| /* end confdefs.h.  */
| #include <ac_nonexistent.h>
configure:5546: checking for egrep
configure:5556: result: grep -E
configure:5561: checking for ANSI C header files
configure:5593: gcc -c -g -O2  conftest.c >&5
configure:5596: $? = 0
configure:5599: test -s conftest.o
configure:5602: $? = 0
configure:5691: gcc -o conftest.exe -g -O2   conftest.c -lm  >&5
configure:5694: $? = 0
configure:5696: ./conftest.exe
configure:5699: $? = 0
configure:5714: result: yes
configure:5738: checking for sys/types.h
configure:5755: gcc -c -g -O2  conftest.c >&5
configure:5758: $? = 0
configure:5761: test -s conftest.o
configure:5764: $? = 0
configure:5775: result: yes
configure:5738: checking for sys/stat.h
configure:5755: gcc -c -g -O2  conftest.c >&5
configure:5758: $? = 0
configure:5761: test -s conftest.o
configure:5764: $? = 0
configure:5775: result: yes
configure:5738: checking for stdlib.h
configure:5755: gcc -c -g -O2  conftest.c >&5
configure:5758: $? = 0
configure:5761: test -s conftest.o
configure:5764: $? = 0
configure:5775: result: yes
configure:5738: checking for string.h
configure:5755: gcc -c -g -O2  conftest.c >&5
configure:5758: $? = 0
configure:5761: test -s conftest.o
configure:5764: $? = 0
configure:5775: result: yes
configure:5738: checking for memory.h
configure:5755: gcc -c -g -O2  conftest.c >&5
configure:5758: $? = 0
configure:5761: test -s conftest.o
configure:5764: $? = 0
configure:5775: result: yes
configure:5738: checking for strings.h
configure:5755: gcc -c -g -O2  conftest.c >&5
configure:5758: $? = 0
configure:5761: test -s conftest.o
configure:5764: $? = 0
configure:5775: result: yes
configure:5738: checking for inttypes.h
configure:5755: gcc -c -g -O2  conftest.c >&5
configure:5758: $? = 0
configure:5761: test -s conftest.o
configure:5764: $? = 0
configure:5775: result: yes
configure:5738: checking for stdint.h
configure:5755: gcc -c -g -O2  conftest.c >&5
configure:5758: $? = 0
configure:5761: test -s conftest.o
configure:5764: $? = 0
configure:5775: result: yes
configure:5738: checking for unistd.h
configure:5755: gcc -c -g -O2  conftest.c >&5
configure:5758: $? = 0
configure:5761: test -s conftest.o
configure:5764: $? = 0
configure:5775: result: yes
configure:5788: checking for a readline compatible library
configure:5833: gcc -o conftest.exe -g -O2   conftest.c -lm  -lreadline >&5
configure:5836: $? = 0
configure:5839: test -s conftest.exe
configure:5842: $? = 0
configure:5866: result: -lreadline
configure:5891: checking readline.h usability
configure:5904: gcc -c -g -O2  conftest.c >&5
configure:5950:22: readline.h: No such file or directory
configure:5907: $? = 1
configure: failed program was:
| #line 5893 "configure"
| /* confdefs.h.  */
| 
| #define PACKAGE_NAME "SUGAR"
| #define PACKAGE_TARNAME "sugar"
| #define PACKAGE_VERSION "3.1"
| #define PACKAGE_STRING "SUGAR 3.1"
| #define PACKAGE_BUGREPORT "dbindel@cs.berkeley.edu"
| #ifdef __cplusplus
| #include <stdlib.h>
| #endif
| #define HAVE_LIBM 1
| #define STDC_HEADERS 1
| #define HAVE_SYS_TYPES_H 1
| #define HAVE_SYS_STAT_H 1
| #define HAVE_STDLIB_H 1
| #define HAVE_STRING_H 1
| #define HAVE_MEMORY_H 1
| #define HAVE_STRINGS_H 1
| #define HAVE_INTTYPES_H 1
| #define HAVE_STDINT_H 1
| #define HAVE_UNISTD_H 1
| #define HAVE_READLINE 1
| /* end confdefs.h.  */
| #include <stdio.h>
| #if HAVE_SYS_TYPES_H
| # include <sys/types.h>
| #endif
| #if HAVE_SYS_STAT_H
| # include <sys/stat.h>
| #endif
| #if STDC_HEADERS
| # include <stdlib.h>
| # include <stddef.h>
| #else
| # if HAVE_STDLIB_H
| #  include <stdlib.h>
| # endif
| #endif
| #if HAVE_STRING_H
| # if !STDC_HEADERS && HAVE_MEMORY_H
| #  include <memory.h>
| # endif
| # include <string.h>
| #endif
| #if HAVE_STRINGS_H
| # include <strings.h>
| #endif
| #if HAVE_INTTYPES_H
| # include <inttypes.h>
| #else
| # if HAVE_STDINT_H
| #  include <stdint.h>
| # endif
| #endif
| #if HAVE_UNISTD_H
| # include <unistd.h>
| #endif
| #include <readline.h>
configure:5923: result: no
configure:5927: checking readline.h presence
configure:5938: gcc -E  conftest.c
configure:5952:22: readline.h: No such file or directory
configure:5944: $? = 1
configure: failed program was:
| #line 5929 "configure"
| /* confdefs.h.  */
| 
| #define PACKAGE_NAME "SUGAR"
| #define PACKAGE_TARNAME "sugar"
| #define PACKAGE_VERSION "3.1"
| #define PACKAGE_STRING "SUGAR 3.1"
| #define PACKAGE_BUGREPORT "dbindel@cs.berkeley.edu"
| #ifdef __cplusplus
| #include <stdlib.h>
| #endif
| #define HAVE_LIBM 1
| #define STDC_HEADERS 1
| #define HAVE_SYS_TYPES_H 1
| #define HAVE_SYS_STAT_H 1
| #define HAVE_STDLIB_H 1
| #define HAVE_STRING_H 1
| #define HAVE_MEMORY_H 1
| #define HAVE_STRINGS_H 1
| #define HAVE_INTTYPES_H 1
| #define HAVE_STDINT_H 1
| #define HAVE_UNISTD_H 1
| #define HAVE_READLINE 1
| /* end confdefs.h.  */
| #include <readline.h>
configure:5963: result: no
configure:5999: checking for readline.h
configure:6006: result: no
configure:5891: checking readline/readline.h usability
configure:5904: gcc -c -g -O2  conftest.c >&5
configure:5950:31: readline/readline.h: No such file or directory
configure:5907: $? = 1
configure: failed program was:
| #line 5893 "configure"
| /* confdefs.h.  */
| 
| #define PACKAGE_NAME "SUGAR"
| #define PACKAGE_TARNAME "sugar"
| #define PACKAGE_VERSION "3.1"
| #define PACKAGE_STRING "SUGAR 3.1"
| #define PACKAGE_BUGREPORT "dbindel@cs.berkeley.edu"
| #ifdef __cplusplus
| #include <stdlib.h>
| #endif
| #define HAVE_LIBM 1
| #define STDC_HEADERS 1
| #define HAVE_SYS_TYPES_H 1
| #define HAVE_SYS_STAT_H 1
| #define HAVE_STDLIB_H 1
| #define HAVE_STRING_H 1
| #define HAVE_MEMORY_H 1
| #define HAVE_STRINGS_H 1
| #define HAVE_INTTYPES_H 1
| #define HAVE_STDINT_H 1
| #define HAVE_UNISTD_H 1
| #define HAVE_READLINE 1
| /* end confdefs.h.  */
| #include <stdio.h>
| #if HAVE_SYS_TYPES_H
| # include <sys/types.h>
| #endif
| #if HAVE_SYS_STAT_H
| # include <sys/stat.h>
| #endif
| #if STDC_HEADERS
| # include <stdlib.h>
| # include <stddef.h>
| #else
| # if HAVE_STDLIB_H
| #  include <stdlib.h>
| # endif
| #endif
| #if HAVE_STRING_H
| # if !STDC_HEADERS && HAVE_MEMORY_H
| #  include <memory.h>
| # endif
| # include <string.h>
| #endif
| #if HAVE_STRINGS_H
| # include <strings.h>
| #endif
| #if HAVE_INTTYPES_H
| # include <inttypes.h>
| #else
| # if HAVE_STDINT_H
| #  include <stdint.h>
| # endif
| #endif
| #if HAVE_UNISTD_H
| # include <unistd.h>
| #endif
| #include <readline/readline.h>
configure:5923: result: no
configure:5927: checking readline/readline.h presence
configure:5938: gcc -E  conftest.c
configure:5952:31: readline/readline.h: No such file or directory
configure:5944: $? = 1
configure: failed program was:
| #line 5929 "configure"
| /* confdefs.h.  */
| 
| #define PACKAGE_NAME "SUGAR"
| #define PACKAGE_TARNAME "sugar"
| #define PACKAGE_VERSION "3.1"
| #define PACKAGE_STRING "SUGAR 3.1"
| #define PACKAGE_BUGREPORT "dbindel@cs.berkeley.edu"
| #ifdef __cplusplus
| #include <stdlib.h>
| #endif
| #define HAVE_LIBM 1
| #define STDC_HEADERS 1
| #define HAVE_SYS_TYPES_H 1
| #define HAVE_SYS_STAT_H 1
| #define HAVE_STDLIB_H 1
| #define HAVE_STRING_H 1
| #define HAVE_MEMORY_H 1
| #define HAVE_STRINGS_H 1
| #define HAVE_INTTYPES_H 1
| #define HAVE_STDINT_H 1
| #define HAVE_UNISTD_H 1
| #define HAVE_READLINE 1
| /* end confdefs.h.  */
| #include <readline/readline.h>
configure:5963: result: no
configure:5999: checking for readline/readline.h
configure:6006: result: no
configure:6019: checking whether readline supports history
configure:6056: gcc -o conftest.exe -g -O2   conftest.c -lm  >&5
c:\DOCUME~1\DBINDE~1.EEC\LOCALS~1\Temp/ccwNaaaa.o: In function `main':
C:/cygwin/home/dbindel/sugar/export/sugar/sugar30/configure:6066: undefined reference to `add_history'
configure:6059: $? = 1
configure: failed program was:
| #line 6026 "configure"
| /* confdefs.h.  */
| 
| #define PACKAGE_NAME "SUGAR"
| #define PACKAGE_TARNAME "sugar"
| #define PACKAGE_VERSION "3.1"
| #define PACKAGE_STRING "SUGAR 3.1"
| #define PACKAGE_BUGREPORT "dbindel@cs.berkeley.edu"
| #ifdef __cplusplus
| #include <stdlib.h>
| #endif
| #define HAVE_LIBM 1
| #define STDC_HEADERS 1
| #define HAVE_SYS_TYPES_H 1
| #define HAVE_SYS_STAT_H 1
| #define HAVE_STDLIB_H 1
| #define HAVE_STRING_H 1
| #define HAVE_MEMORY_H 1
| #define HAVE_STRINGS_H 1
| #define HAVE_INTTYPES_H 1
| #define HAVE_STDINT_H 1
| #define HAVE_UNISTD_H 1
| #define HAVE_READLINE 1
| /* end confdefs.h.  */
| 
| /* Override any gcc2 internal prototype to avoid an error.  */
| #ifdef __cplusplus
| extern "C"
| #endif
| /* We use char because int might match the return type of a gcc2
|    builtin and then its argument prototype would still apply.  */
| char add_history ();
| #ifdef F77_DUMMY_MAIN
| #  ifdef __cplusplus
|      extern "C"
| #  endif
|    int F77_DUMMY_MAIN() { return 1; }
| #endif
| int
| main ()
| {
| add_history ();
|   ;
|   return 0;
| }
configure:6076: result: no
configure:6231: checking for X
configure:6447: result: disabled
configure:7531: checking for working alloca.h
configure:7559: gcc -o conftest.exe -g -O2   conftest.c -lm  >&5
configure:7560:20: alloca.h: No such file or directory
configure:7562: $? = 1
configure: failed program was:
| #line 7536 "configure"
| /* confdefs.h.  */
| 
| #define PACKAGE_NAME "SUGAR"
| #define PACKAGE_TARNAME "sugar"
| #define PACKAGE_VERSION "3.1"
| #define PACKAGE_STRING "SUGAR 3.1"
| #define PACKAGE_BUGREPORT "dbindel@cs.berkeley.edu"
| #ifdef __cplusplus
| #include <stdlib.h>
| #endif
| #define HAVE_LIBM 1
| #define STDC_HEADERS 1
| #define HAVE_SYS_TYPES_H 1
| #define HAVE_SYS_STAT_H 1
| #define HAVE_STDLIB_H 1
| #define HAVE_STRING_H 1
| #define HAVE_MEMORY_H 1
| #define HAVE_STRINGS_H 1
| #define HAVE_INTTYPES_H 1
| #define HAVE_STDINT_H 1
| #define HAVE_UNISTD_H 1
| #define HAVE_READLINE 1
| #define X_DISPLAY_MISSING 1
| /* end confdefs.h.  */
| #include <alloca.h>
| #ifdef F77_DUMMY_MAIN
| #  ifdef __cplusplus
|      extern "C"
| #  endif
|    int F77_DUMMY_MAIN() { return 1; }
| #endif
| int
| main ()
| {
| char *p = (char *) alloca (2 * sizeof (int));
|   ;
|   return 0;
| }
configure:7579: result: no
configure:7589: checking for alloca
configure:7637: gcc -o conftest.exe -g -O2   conftest.c -lm  >&5
configure:7640: $? = 0
configure:7643: test -s conftest.exe
configure:7646: $? = 0
configure:7657: result: yes
configure:7870: checking for ANSI C header files
configure:8023: result: yes
configure:8053: checking limits.h usability
configure:8066: gcc -c -g -O2  conftest.c >&5
configure:8069: $? = 0
configure:8072: test -s conftest.o
configure:8075: $? = 0
configure:8085: result: yes
configure:8089: checking limits.h presence
configure:8100: gcc -E  conftest.c
configure:8106: $? = 0
configure:8125: result: yes
configure:8161: checking for limits.h
configure:8168: result: yes
configure:8053: checking locale.h usability
configure:8066: gcc -c -g -O2  conftest.c >&5
configure:8069: $? = 0
configure:8072: test -s conftest.o
configure:8075: $? = 0
configure:8085: result: yes
configure:8089: checking locale.h presence
configure:8100: gcc -E  conftest.c
configure:8106: $? = 0
configure:8125: result: yes
configure:8161: checking for locale.h
configure:8168: result: yes
configure:8053: checking malloc.h usability
configure:8066: gcc -c -g -O2  conftest.c >&5
configure:8069: $? = 0
configure:8072: test -s conftest.o
configure:8075: $? = 0
configure:8085: result: yes
configure:8089: checking malloc.h presence
configure:8100: gcc -E  conftest.c
configure:8106: $? = 0
configure:8125: result: yes
configure:8161: checking for malloc.h
configure:8168: result: yes
configure:8053: checking stddef.h usability
configure:8066: gcc -c -g -O2  conftest.c >&5
configure:8069: $? = 0
configure:8072: test -s conftest.o
configure:8075: $? = 0
configure:8085: result: yes
configure:8089: checking stddef.h presence
configure:8100: gcc -E  conftest.c
configure:8106: $? = 0
configure:8125: result: yes
configure:8161: checking for stddef.h
configure:8168: result: yes
configure:8044: checking for stdlib.h
configure:8049: result: yes
configure:8044: checking for string.h
configure:8049: result: yes
configure:8044: checking for unistd.h
configure:8049: result: yes
configure:8183: checking for an ANSI C-conforming const
configure:8257: gcc -c -g -O2  conftest.c >&5
configure:8260: $? = 0
configure:8263: test -s conftest.o
configure:8266: $? = 0
configure:8277: result: yes
configure:8287: checking for size_t
configure:8318: gcc -c -g -O2  conftest.c >&5
configure:8321: $? = 0
configure:8324: test -s conftest.o
configure:8327: $? = 0
configure:8338: result: yes
configure:8350: checking whether struct tm is in sys/time.h or time.h
configure:8380: gcc -c -g -O2  conftest.c >&5
configure:8383: $? = 0
configure:8386: test -s conftest.o
configure:8389: $? = 0
configure:8400: result: time.h
configure:8410: checking for stdbool.h that conforms to C99
configure:8470: gcc -c -g -O2  conftest.c >&5
configure:8473: $? = 0
configure:8476: test -s conftest.o
configure:8479: $? = 0
configure:8490: result: yes
configure:8492: checking for _Bool
configure:8523: gcc -c -g -O2  conftest.c >&5
configure:8526: $? = 0
configure:8529: test -s conftest.o
configure:8532: $? = 0
configure:8543: result: yes
configure:8562: checking for working volatile
configure:8592: gcc -c -g -O2  conftest.c >&5
configure:8595: $? = 0
configure:8598: test -s conftest.o
configure:8601: $? = 0
configure:8612: result: yes
configure:8624: checking for error_at_line
configure:8652: gcc -o conftest.exe -g -O2   conftest.c -lm  >&5
c:\DOCUME~1\DBINDE~1.EEC\LOCALS~1\Temp/ccaOaaaa.o: In function `main':
C:/cygwin/home/dbindel/sugar/export/sugar/sugar30/configure:8674: undefined reference to `error_at_line'
configure:8655: $? = 1
configure: failed program was:
| #line 8629 "configure"
| /* confdefs.h.  */
| 
| #define PACKAGE_NAME "SUGAR"
| #define PACKAGE_TARNAME "sugar"
| #define PACKAGE_VERSION "3.1"
| #define PACKAGE_STRING "SUGAR 3.1"
| #define PACKAGE_BUGREPORT "dbindel@cs.berkeley.edu"
| #ifdef __cplusplus
| #include <stdlib.h>
| #endif
| #define HAVE_LIBM 1
| #define STDC_HEADERS 1
| #define HAVE_SYS_TYPES_H 1
| #define HAVE_SYS_STAT_H 1
| #define HAVE_STDLIB_H 1
| #define HAVE_STRING_H 1
| #define HAVE_MEMORY_H 1
| #define HAVE_STRINGS_H 1
| #define HAVE_INTTYPES_H 1
| #define HAVE_STDINT_H 1
| #define HAVE_UNISTD_H 1
| #define HAVE_READLINE 1
| #define X_DISPLAY_MISSING 1
| #define HAVE_ALLOCA 1
| #define STDC_HEADERS 1
| #define HAVE_LIMITS_H 1
| #define HAVE_LOCALE_H 1
| #define HAVE_MALLOC_H 1
| #define HAVE_STDDEF_H 1
| #define HAVE_STDLIB_H 1
| #define HAVE_STRING_H 1
| #define HAVE_UNISTD_H 1
| #define HAVE__BOOL 1
| #define HAVE_STDBOOL_H 1
| /* end confdefs.h.  */
| 
| #ifdef F77_DUMMY_MAIN
| #  ifdef __cplusplus
|      extern "C"
| #  endif
|    int F77_DUMMY_MAIN() { return 1; }
| #endif
| int
| main ()
| {
| error_at_line (0, 0, "", 0, "");
|   ;
|   return 0;
| }
configure:8672: result: no
configure:8678: checking for pid_t
configure:8709: gcc -c -g -O2  conftest.c >&5
configure:8712: $? = 0
configure:8715: test -s conftest.o
configure:8718: $? = 0
configure:8729: result: yes
configure:8747: checking for unistd.h
configure:8752: result: yes
configure:8756: checking vfork.h usability
configure:8769: gcc -c -g -O2  conftest.c >&5
configure:8828:19: vfork.h: No such file or directory
configure:8772: $? = 1
configure: failed program was:
| #line 8758 "configure"
| /* confdefs.h.  */
| 
| #define PACKAGE_NAME "SUGAR"
| #define PACKAGE_TARNAME "sugar"
| #define PACKAGE_VERSION "3.1"
| #define PACKAGE_STRING "SUGAR 3.1"
| #define PACKAGE_BUGREPORT "dbindel@cs.berkeley.edu"
| #ifdef __cplusplus
| #include <stdlib.h>
| #endif
| #define HAVE_LIBM 1
| #define STDC_HEADERS 1
| #define HAVE_SYS_TYPES_H 1
| #define HAVE_SYS_STAT_H 1
| #define HAVE_STDLIB_H 1
| #define HAVE_STRING_H 1
| #define HAVE_MEMORY_H 1
| #define HAVE_STRINGS_H 1
| #define HAVE_INTTYPES_H 1
| #define HAVE_STDINT_H 1
| #define HAVE_UNISTD_H 1
| #define HAVE_READLINE 1
| #define X_DISPLAY_MISSING 1
| #define HAVE_ALLOCA 1
| #define STDC_HEADERS 1
| #define HAVE_LIMITS_H 1
| #define HAVE_LOCALE_H 1
| #define HAVE_MALLOC_H 1
| #define HAVE_STDDEF_H 1
| #define HAVE_STDLIB_H 1
| #define HAVE_STRING_H 1
| #define HAVE_UNISTD_H 1
| #define HAVE__BOOL 1
| #define HAVE_STDBOOL_H 1
| #define HAVE_UNISTD_H 1
| /* end confdefs.h.  */
| #include <stdio.h>
| #if HAVE_SYS_TYPES_H
| # include <sys/types.h>
| #endif
| #if HAVE_SYS_STAT_H
| # include <sys/stat.h>
| #endif
| #if STDC_HEADERS
| # include <stdlib.h>
| # include <stddef.h>
| #else
| # if HAVE_STDLIB_H
| #  include <stdlib.h>
| # endif
| #endif
| #if HAVE_STRING_H
| # if !STDC_HEADERS && HAVE_MEMORY_H
| #  include <memory.h>
| # endif
| # include <string.h>
| #endif
| #if HAVE_STRINGS_H
| # include <strings.h>
| #endif
| #if HAVE_INTTYPES_H
| # include <inttypes.h>
| #else
| # if HAVE_STDINT_H
| #  include <stdint.h>
| # endif
| #endif
| #if HAVE_UNISTD_H
| # include <unistd.h>
| #endif
| #include <vfork.h>
configure:8788: result: no
configure:8792: checking vfork.h presence
configure:8803: gcc -E  conftest.c
configure:8830:19: vfork.h: No such file or directory
configure:8809: $? = 1
configure: failed program was:
| #line 8794 "configure"
| /* confdefs.h.  */
| 
| #define PACKAGE_NAME "SUGAR"
| #define PACKAGE_TARNAME "sugar"
| #define PACKAGE_VERSION "3.1"
| #define PACKAGE_STRING "SUGAR 3.1"
| #define PACKAGE_BUGREPORT "dbindel@cs.berkeley.edu"
| #ifdef __cplusplus
| #include <stdlib.h>
| #endif
| #define HAVE_LIBM 1
| #define STDC_HEADERS 1
| #define HAVE_SYS_TYPES_H 1
| #define HAVE_SYS_STAT_H 1
| #define HAVE_STDLIB_H 1
| #define HAVE_STRING_H 1
| #define HAVE_MEMORY_H 1
| #define HAVE_STRINGS_H 1
| #define HAVE_INTTYPES_H 1
| #define HAVE_STDINT_H 1
| #define HAVE_UNISTD_H 1
| #define HAVE_READLINE 1
| #define X_DISPLAY_MISSING 1
| #define HAVE_ALLOCA 1
| #define STDC_HEADERS 1
| #define HAVE_LIMITS_H 1
| #define HAVE_LOCALE_H 1
| #define HAVE_MALLOC_H 1
| #define HAVE_STDDEF_H 1
| #define HAVE_STDLIB_H 1
| #define HAVE_STRING_H 1
| #define HAVE_UNISTD_H 1
| #define HAVE__BOOL 1
| #define HAVE_STDBOOL_H 1
| #define HAVE_UNISTD_H 1
| /* end confdefs.h.  */
| #include <vfork.h>
configure:8828: result: no
configure:8864: checking for vfork.h
configure:8871: result: no
configure:8889: checking for fork
configure:8945: gcc -o conftest.exe -g -O2   conftest.c -lm  >&5
c:\DOCUME~1\DBINDE~1.EEC\LOCALS~1\Temp/ccILaaaa.o: In function `main':
C:/cygwin/home/dbindel/sugar/export/sugar/sugar30/configure:8968: undefined reference to `fork'
C:/cygwin/home/dbindel/sugar/export/sugar/sugar30/configure:8967: undefined reference to `fork'
configure:8948: $? = 1
configure: failed program was:
| #line 8894 "configure"
| /* confdefs.h.  */
| 
| #define PACKAGE_NAME "SUGAR"
| #define PACKAGE_TARNAME "sugar"
| #define PACKAGE_VERSION "3.1"
| #define PACKAGE_STRING "SUGAR 3.1"
| #define PACKAGE_BUGREPORT "dbindel@cs.berkeley.edu"
| #ifdef __cplusplus
| #include <stdlib.h>
| #endif
| #define HAVE_LIBM 1
| #define STDC_HEADERS 1
| #define HAVE_SYS_TYPES_H 1
| #define HAVE_SYS_STAT_H 1
| #define HAVE_STDLIB_H 1
| #define HAVE_STRING_H 1
| #define HAVE_MEMORY_H 1
| #define HAVE_STRINGS_H 1
| #define HAVE_INTTYPES_H 1
| #define HAVE_STDINT_H 1
| #define HAVE_UNISTD_H 1
| #define HAVE_READLINE 1
| #define X_DISPLAY_MISSING 1
| #define HAVE_ALLOCA 1
| #define STDC_HEADERS 1
| #define HAVE_LIMITS_H 1
| #define HAVE_LOCALE_H 1
| #define HAVE_MALLOC_H 1
| #define HAVE_STDDEF_H 1
| #define HAVE_STDLIB_H 1
| #define HAVE_STRING_H 1
| #define HAVE_UNISTD_H 1
| #define HAVE__BOOL 1
| #define HAVE_STDBOOL_H 1
| #define HAVE_UNISTD_H 1
| /* end confdefs.h.  */
| /* System header to define __stub macros and hopefully few prototypes,
|     which can conflict with char fork (); below.
|     Prefer <limits.h> to <assert.h> if __STDC__ is defined, since
|     <limits.h> exists even on freestanding compilers.  */
| #ifdef __STDC__
| # include <limits.h>
| #else
| # include <assert.h>
| #endif
| /* Override any gcc2 internal prototype to avoid an error.  */
| #ifdef __cplusplus
| extern "C"
| {
| #endif
| /* We use char because int might match the return type of a gcc2
|    builtin and then its argument prototype would still apply.  */
| char fork ();
| /* The GNU C library defines this for functions which it implements
|     to always fail with ENOSYS.  Some functions are actually named
|     something starting with __ and the normal name is an alias.  */
| #if defined (__stub_fork) || defined (__stub___fork)
| choke me
| #else
| char (*f) () = fork;
| #endif
| #ifdef __cplusplus
| }
| #endif
| 
| #ifdef F77_DUMMY_MAIN
| #  ifdef __cplusplus
|      extern "C"
| #  endif
|    int F77_DUMMY_MAIN() { return 1; }
| #endif
| int
| main ()
| {
| return f != fork;
|   ;
|   return 0;
| }
configure:8965: result: no
configure:8889: checking for vfork
configure:8945: gcc -o conftest.exe -g -O2   conftest.c -lm  >&5
c:\DOCUME~1\DBINDE~1.EEC\LOCALS~1\Temp/ccCEaaaa.o: In function `main':
C:/cygwin/home/dbindel/sugar/export/sugar/sugar30/configure:8968: undefined reference to `vfork'
C:/cygwin/home/dbindel/sugar/export/sugar/sugar30/configure:8967: undefined reference to `vfork'
configure:8948: $? = 1
configure: failed program was:
| #line 8894 "configure"
| /* confdefs.h.  */
| 
| #define PACKAGE_NAME "SUGAR"
| #define PACKAGE_TARNAME "sugar"
| #define PACKAGE_VERSION "3.1"
| #define PACKAGE_STRING "SUGAR 3.1"
| #define PACKAGE_BUGREPORT "dbindel@cs.berkeley.edu"
| #ifdef __cplusplus
| #include <stdlib.h>
| #endif
| #define HAVE_LIBM 1
| #define STDC_HEADERS 1
| #define HAVE_SYS_TYPES_H 1
| #define HAVE_SYS_STAT_H 1
| #define HAVE_STDLIB_H 1
| #define HAVE_STRING_H 1
| #define HAVE_MEMORY_H 1
| #define HAVE_STRINGS_H 1
| #define HAVE_INTTYPES_H 1
| #define HAVE_STDINT_H 1
| #define HAVE_UNISTD_H 1
| #define HAVE_READLINE 1
| #define X_DISPLAY_MISSING 1
| #define HAVE_ALLOCA 1
| #define STDC_HEADERS 1
| #define HAVE_LIMITS_H 1
| #define HAVE_LOCALE_H 1
| #define HAVE_MALLOC_H 1
| #define HAVE_STDDEF_H 1
| #define HAVE_STDLIB_H 1
| #define HAVE_STRING_H 1
| #define HAVE_UNISTD_H 1
| #define HAVE__BOOL 1
| #define HAVE_STDBOOL_H 1
| #define HAVE_UNISTD_H 1
| /* end confdefs.h.  */
| /* System header to define __stub macros and hopefully few prototypes,
|     which can conflict with char vfork (); below.
|     Prefer <limits.h> to <assert.h> if __STDC__ is defined, since
|     <limits.h> exists even on freestanding compilers.  */
| #ifdef __STDC__
| # include <limits.h>
| #else
| # include <assert.h>
| #endif
| /* Override any gcc2 internal prototype to avoid an error.  */
| #ifdef __cplusplus
| extern "C"
| {
| #endif
| /* We use char because int might match the return type of a gcc2
|    builtin and then its argument prototype would still apply.  */
| char vfork ();
| /* The GNU C library defines this for functions which it implements
|     to always fail with ENOSYS.  Some functions are actually named
|     something starting with __ and the normal name is an alias.  */
| #if defined (__stub_vfork) || defined (__stub___vfork)
| choke me
| #else
| char (*f) () = vfork;
| #endif
| #ifdef __cplusplus
| }
| #endif
| 
| #ifdef F77_DUMMY_MAIN
| #  ifdef __cplusplus
|      extern "C"
| #  endif
|    int F77_DUMMY_MAIN() { return 1; }
| #endif
| int
| main ()
| {
| return f != vfork;
|   ;
|   return 0;
| }
configure:8965: result: no
configure:9212: checking for stdlib.h
configure:9217: result: yes
configure:9349: checking for GNU libc compatible malloc
configure:9385: gcc -o conftest.exe -g -O2   conftest.c -lm  >&5
configure:9388: $? = 0
configure:9390: ./conftest.exe
configure:9393: $? = 0
configure:9407: result: yes
configure:9430: checking for working memcmp
configure:9485: gcc -o conftest.exe -g -O2   conftest.c -lm  >&5
configure:9488: $? = 0
configure:9490: ./conftest.exe
configure:9493: $? = 0
configure:9507: result: yes
configure:9516: checking for stdlib.h
configure:9521: result: yes
configure:9653: checking for GNU libc compatible realloc
configure:9689: gcc -o conftest.exe -g -O2   conftest.c -lm  >&5
configure:9692: $? = 0
configure:9694: ./conftest.exe
configure:9697: $? = 0
configure:9711: result: yes
configure:9734: checking return type of signal handlers
configure:9772: gcc -c -g -O2  conftest.c >&5
configure:9775: $? = 0
configure:9778: test -s conftest.o
configure:9781: $? = 0
configure:9792: result: void
configure:9800: checking whether lstat dereferences a symlink specified with a trailing slash
configure:9838: gcc -o conftest.exe -g -O2   conftest.c -lm  >&5
c:\DOCUME~1\DBINDE~1.EEC\LOCALS~1\Temp/ccgJaaaa.o: In function `main':
C:/cygwin/home/dbindel/sugar/export/sugar/sugar30/configure:9900: undefined reference to `lstat'
configure:9841: $? = 1
configure: program exited with status 1
configure: failed program was:
| #line 9811 "configure"
| /* confdefs.h.  */
| 
| #define PACKAGE_NAME "SUGAR"
| #define PACKAGE_TARNAME "sugar"
| #define PACKAGE_VERSION "3.1"
| #define PACKAGE_STRING "SUGAR 3.1"
| #define PACKAGE_BUGREPORT "dbindel@cs.berkeley.edu"
| #ifdef __cplusplus
| #include <stdlib.h>
| #endif
| #define HAVE_LIBM 1
| #define STDC_HEADERS 1
| #define HAVE_SYS_TYPES_H 1
| #define HAVE_SYS_STAT_H 1
| #define HAVE_STDLIB_H 1
| #define HAVE_STRING_H 1
| #define HAVE_MEMORY_H 1
| #define HAVE_STRINGS_H 1
| #define HAVE_INTTYPES_H 1
| #define HAVE_STDINT_H 1
| #define HAVE_UNISTD_H 1
| #define HAVE_READLINE 1
| #define X_DISPLAY_MISSING 1
| #define HAVE_ALLOCA 1
| #define STDC_HEADERS 1
| #define HAVE_LIMITS_H 1
| #define HAVE_LOCALE_H 1
| #define HAVE_MALLOC_H 1
| #define HAVE_STDDEF_H 1
| #define HAVE_STDLIB_H 1
| #define HAVE_STRING_H 1
| #define HAVE_UNISTD_H 1
| #define HAVE__BOOL 1
| #define HAVE_STDBOOL_H 1
| #define HAVE_UNISTD_H 1
| #define vfork fork
| #define HAVE_STDLIB_H 1
| #define HAVE_MALLOC 1
| #define HAVE_STDLIB_H 1
| #define HAVE_REALLOC 1
| #define RETSIGTYPE void
| /* end confdefs.h.  */
| #include <stdio.h>
| #if HAVE_SYS_TYPES_H
| # include <sys/types.h>
| #endif
| #if HAVE_SYS_STAT_H
| # include <sys/stat.h>
| #endif
| #if STDC_HEADERS
| # include <stdlib.h>
| # include <stddef.h>
| #else
| # if HAVE_STDLIB_H
| #  include <stdlib.h>
| # endif
| #endif
| #if HAVE_STRING_H
| # if !STDC_HEADERS && HAVE_MEMORY_H
| #  include <memory.h>
| # endif
| # include <string.h>
| #endif
| #if HAVE_STRINGS_H
| # include <strings.h>
| #endif
| #if HAVE_INTTYPES_H
| # include <inttypes.h>
| #else
| # if HAVE_STDINT_H
| #  include <stdint.h>
| # endif
| #endif
| #if HAVE_UNISTD_H
| # include <unistd.h>
| #endif
| #ifdef F77_DUMMY_MAIN
| #  ifdef __cplusplus
|      extern "C"
| #  endif
|    int F77_DUMMY_MAIN() { return 1; }
| #endif
| int
| main ()
| {
| struct stat sbuf;
|      /* Linux will dereference the symlink and fail.
|         That is better in the sense that it means we will not
|         have to compile and use the lstat wrapper.  */
|      exit (lstat ("conftest.sym/", &sbuf) ? 0 : 1);
|   ;
|   return 0;
| }
configure:9867: result: no
configure:9881: checking whether stat accepts an empty string
configure:9913: gcc -o conftest.exe -g -O2   conftest.c -lm  >&5
configure:9916: $? = 0
configure:9918: ./conftest.exe
configure:9921: $? = 1
configure: program exited with status 1
configure: failed program was:
| #line 9889 "configure"
| /* confdefs.h.  */
| 
| #define PACKAGE_NAME "SUGAR"
| #define PACKAGE_TARNAME "sugar"
| #define PACKAGE_VERSION "3.1"
| #define PACKAGE_STRING "SUGAR 3.1"
| #define PACKAGE_BUGREPORT "dbindel@cs.berkeley.edu"
| #ifdef __cplusplus
| #include <stdlib.h>
| #endif
| #define HAVE_LIBM 1
| #define STDC_HEADERS 1
| #define HAVE_SYS_TYPES_H 1
| #define HAVE_SYS_STAT_H 1
| #define HAVE_STDLIB_H 1
| #define HAVE_STRING_H 1
| #define HAVE_MEMORY_H 1
| #define HAVE_STRINGS_H 1
| #define HAVE_INTTYPES_H 1
| #define HAVE_STDINT_H 1
| #define HAVE_UNISTD_H 1
| #define HAVE_READLINE 1
| #define X_DISPLAY_MISSING 1
| #define HAVE_ALLOCA 1
| #define STDC_HEADERS 1
| #define HAVE_LIMITS_H 1
| #define HAVE_LOCALE_H 1
| #define HAVE_MALLOC_H 1
| #define HAVE_STDDEF_H 1
| #define HAVE_STDLIB_H 1
| #define HAVE_STRING_H 1
| #define HAVE_UNISTD_H 1
| #define HAVE__BOOL 1
| #define HAVE_STDBOOL_H 1
| #define HAVE_UNISTD_H 1
| #define vfork fork
| #define HAVE_STDLIB_H 1
| #define HAVE_MALLOC 1
| #define HAVE_STDLIB_H 1
| #define HAVE_REALLOC 1
| #define RETSIGTYPE void
| /* end confdefs.h.  */
| #include <stdio.h>
| #if HAVE_SYS_TYPES_H
| # include <sys/types.h>
| #endif
| #if HAVE_SYS_STAT_H
| # include <sys/stat.h>
| #endif
| #if STDC_HEADERS
| # include <stdlib.h>
| # include <stddef.h>
| #else
| # if HAVE_STDLIB_H
| #  include <stdlib.h>
| # endif
| #endif
| #if HAVE_STRING_H
| # if !STDC_HEADERS && HAVE_MEMORY_H
| #  include <memory.h>
| # endif
| # include <string.h>
| #endif
| #if HAVE_STRINGS_H
| # include <strings.h>
| #endif
| #if HAVE_INTTYPES_H
| # include <inttypes.h>
| #else
| # if HAVE_STDINT_H
| #  include <stdint.h>
| # endif
| #endif
| #if HAVE_UNISTD_H
| # include <unistd.h>
| #endif
| #ifdef F77_DUMMY_MAIN
| #  ifdef __cplusplus
|      extern "C"
| #  endif
|    int F77_DUMMY_MAIN() { return 1; }
| #endif
| int
| main ()
| {
| struct stat sbuf;
|   exit (stat ("", &sbuf) ? 1 : 0);
|   ;
|   return 0;
| }
configure:9935: result: no
configure:9946: checking for working strcoll
configure:9979: gcc -o conftest.exe -g -O2   conftest.c -lm  >&5
configure:9982: $? = 0
configure:9984: ./conftest.exe
configure:9987: $? = 0
configure:10001: result: yes
configure:10015: checking for strftime
configure:10071: gcc -o conftest.exe -g -O2   conftest.c -lm  >&5
configure:10074: $? = 0
configure:10077: test -s conftest.exe
configure:10080: $? = 0
configure:10091: result: yes
configure:10175: checking for vprintf
configure:10231: gcc -o conftest.exe -g -O2   conftest.c -lm  >&5
configure:10234: $? = 0
configure:10237: test -s conftest.exe
configure:10240: $? = 0
configure:10251: result: yes
configure:10258: checking for _doprnt
configure:10314: gcc -o conftest.exe -g -O2   conftest.c -lm  >&5
c:\DOCUME~1\DBINDE~1.EEC\LOCALS~1\Temp/ccILaaaa.o: In function `main':
C:/cygwin/home/dbindel/sugar/export/sugar/sugar30/configure:10346: undefined reference to `_doprnt'
C:/cygwin/home/dbindel/sugar/export/sugar/sugar30/configure:10345: undefined reference to `_doprnt'
configure:10317: $? = 1
configure: failed program was:
| #line 10263 "configure"
| /* confdefs.h.  */
| 
| #define PACKAGE_NAME "SUGAR"
| #define PACKAGE_TARNAME "sugar"
| #define PACKAGE_VERSION "3.1"
| #define PACKAGE_STRING "SUGAR 3.1"
| #define PACKAGE_BUGREPORT "dbindel@cs.berkeley.edu"
| #ifdef __cplusplus
| #include <stdlib.h>
| #endif
| #define HAVE_LIBM 1
| #define STDC_HEADERS 1
| #define HAVE_SYS_TYPES_H 1
| #define HAVE_SYS_STAT_H 1
| #define HAVE_STDLIB_H 1
| #define HAVE_STRING_H 1
| #define HAVE_MEMORY_H 1
| #define HAVE_STRINGS_H 1
| #define HAVE_INTTYPES_H 1
| #define HAVE_STDINT_H 1
| #define HAVE_UNISTD_H 1
| #define HAVE_READLINE 1
| #define X_DISPLAY_MISSING 1
| #define HAVE_ALLOCA 1
| #define STDC_HEADERS 1
| #define HAVE_LIMITS_H 1
| #define HAVE_LOCALE_H 1
| #define HAVE_MALLOC_H 1
| #define HAVE_STDDEF_H 1
| #define HAVE_STDLIB_H 1
| #define HAVE_STRING_H 1
| #define HAVE_UNISTD_H 1
| #define HAVE__BOOL 1
| #define HAVE_STDBOOL_H 1
| #define HAVE_UNISTD_H 1
| #define vfork fork
| #define HAVE_STDLIB_H 1
| #define HAVE_MALLOC 1
| #define HAVE_STDLIB_H 1
| #define HAVE_REALLOC 1
| #define RETSIGTYPE void
| #define HAVE_STRCOLL 1
| #define HAVE_STRFTIME 1
| #define HAVE_VPRINTF 1
| /* end confdefs.h.  */
| /* System header to define __stub macros and hopefully few prototypes,
|     which can conflict with char _doprnt (); below.
|     Prefer <limits.h> to <assert.h> if __STDC__ is defined, since
|     <limits.h> exists even on freestanding compilers.  */
| #ifdef __STDC__
| # include <limits.h>
| #else
| # include <assert.h>
| #endif
| /* Override any gcc2 internal prototype to avoid an error.  */
| #ifdef __cplusplus
| extern "C"
| {
| #endif
| /* We use char because int might match the return type of a gcc2
|    builtin and then its argument prototype would still apply.  */
| char _doprnt ();
| /* The GNU C library defines this for functions which it implements
|     to always fail with ENOSYS.  Some functions are actually named
|     something starting with __ and the normal name is an alias.  */
| #if defined (__stub__doprnt) || defined (__stub____doprnt)
| choke me
| #else
| char (*f) () = _doprnt;
| #endif
| #ifdef __cplusplus
| }
| #endif
| 
| #ifdef F77_DUMMY_MAIN
| #  ifdef __cplusplus
|      extern "C"
| #  endif
|    int F77_DUMMY_MAIN() { return 1; }
| #endif
| int
| main ()
| {
| return f != _doprnt;
|   ;
|   return 0;
| }
configure:10334: result: no
configure:10365: checking for floor
configure:10421: gcc -o conftest.exe -g -O2   conftest.c -lm  >&5
configure:10424: $? = 0
configure:10427: test -s conftest.exe
configure:10430: $? = 0
configure:10441: result: yes
configure:10365: checking for memchr
configure:10421: gcc -o conftest.exe -g -O2   conftest.c -lm  >&5
configure:10424: $? = 0
configure:10427: test -s conftest.exe
configure:10430: $? = 0
configure:10441: result: yes
configure:10365: checking for memset
configure:10421: gcc -o conftest.exe -g -O2   conftest.c -lm  >&5
configure:10433: warning: conflicting types for built-in function `memset'
configure:10424: $? = 0
configure:10427: test -s conftest.exe
configure:10430: $? = 0
configure:10441: result: yes
configure:10365: checking for pow
configure:10421: gcc -o conftest.exe -g -O2   conftest.c -lm  >&5
configure:10424: $? = 0
configure:10427: test -s conftest.exe
configure:10430: $? = 0
configure:10441: result: yes
configure:10365: checking for setlocale
configure:10421: gcc -o conftest.exe -g -O2   conftest.c -lm  >&5
configure:10424: $? = 0
configure:10427: test -s conftest.exe
configure:10430: $? = 0
configure:10441: result: yes
configure:10365: checking for sqrt
configure:10421: gcc -o conftest.exe -g -O2   conftest.c -lm  >&5
configure:10436: warning: conflicting types for built-in function `sqrt'
configure:10424: $? = 0
configure:10427: test -s conftest.exe
configure:10430: $? = 0
configure:10441: result: yes
configure:10365: checking for strchr
configure:10421: gcc -o conftest.exe -g -O2   conftest.c -lm  >&5
configure:10437: warning: conflicting types for built-in function `strchr'
configure:10424: $? = 0
configure:10427: test -s conftest.exe
configure:10430: $? = 0
configure:10441: result: yes
configure:10365: checking for strcspn
configure:10421: gcc -o conftest.exe -g -O2   conftest.c -lm  >&5
configure:10438: warning: conflicting types for built-in function `strcspn'
configure:10424: $? = 0
configure:10427: test -s conftest.exe
configure:10430: $? = 0
configure:10441: result: yes
configure:10365: checking for strdup
configure:10421: gcc -o conftest.exe -g -O2   conftest.c -lm  >&5
configure:10424: $? = 0
configure:10427: test -s conftest.exe
configure:10430: $? = 0
configure:10441: result: yes
configure:10365: checking for strerror
configure:10421: gcc -o conftest.exe -g -O2   conftest.c -lm  >&5
configure:10424: $? = 0
configure:10427: test -s conftest.exe
configure:10430: $? = 0
configure:10441: result: yes
configure:10365: checking for strpbrk
configure:10421: gcc -o conftest.exe -g -O2   conftest.c -lm  >&5
configure:10441: warning: conflicting types for built-in function `strpbrk'
configure:10424: $? = 0
configure:10427: test -s conftest.exe
configure:10430: $? = 0
configure:10441: result: yes
configure:10365: checking for strrchr
configure:10421: gcc -o conftest.exe -g -O2   conftest.c -lm  >&5
configure:10442: warning: conflicting types for built-in function `strrchr'
configure:10424: $? = 0
configure:10427: test -s conftest.exe
configure:10430: $? = 0
configure:10441: result: yes
configure:10365: checking for strstr
configure:10421: gcc -o conftest.exe -g -O2   conftest.c -lm  >&5
configure:10443: warning: conflicting types for built-in function `strstr'
configure:10424: $? = 0
configure:10427: test -s conftest.exe
configure:10430: $? = 0
configure:10441: result: yes
configure:10365: checking for strtoul
configure:10421: gcc -o conftest.exe -g -O2   conftest.c -lm  >&5
configure:10424: $? = 0
configure:10427: test -s conftest.exe
configure:10430: $? = 0
configure:10441: result: yes
configure:10458: checking build system type
configure:10476: result: i686-pc-cygwin
configure:10484: checking host system type
configure:10498: result: i686-pc-cygwin
configure:10613: creating ./config.status

## ---------------------- ##
## Running config.status. ##
## ---------------------- ##

This file was extended by SUGAR config.status 3.1, which was
generated by GNU Autoconf 2.57.  Invocation command line was

  CONFIG_FILES    = 
  CONFIG_HEADERS  = 
  CONFIG_LINKS    = 
  CONFIG_COMMANDS = 
  $ ./config.status 

on MONGOOSE

config.status:654: creating make.inc
config.status:654: creating sugar.h
config.status:758: creating config.h

## ---------------- ##
## Cache variables. ##
## ---------------- ##

ac_cv_build=i686-pc-cygwin
ac_cv_build_alias=i686-pc-cygwin
ac_cv_c_compiler_gnu=yes
ac_cv_c_const=yes
ac_cv_c_volatile=yes
ac_cv_cxx_compiler_gnu=yes
ac_cv_env_CC_set=
ac_cv_env_CC_value=
ac_cv_env_CFLAGS_set=
ac_cv_env_CFLAGS_value=
ac_cv_env_CPPFLAGS_set=
ac_cv_env_CPPFLAGS_value=
ac_cv_env_CPP_set=
ac_cv_env_CPP_value=
ac_cv_env_CXXFLAGS_set=
ac_cv_env_CXXFLAGS_value=
ac_cv_env_CXX_set=
ac_cv_env_CXX_value=
ac_cv_env_F77_set=
ac_cv_env_F77_value=
ac_cv_env_FFLAGS_set=
ac_cv_env_FFLAGS_value=
ac_cv_env_LDFLAGS_set=
ac_cv_env_LDFLAGS_value=
ac_cv_env_build_alias_set=
ac_cv_env_build_alias_value=
ac_cv_env_host_alias_set=
ac_cv_env_host_alias_value=
ac_cv_env_target_alias_set=
ac_cv_env_target_alias_value=
ac_cv_exeext=.exe
ac_cv_f77_compiler_gnu=yes
ac_cv_f77_dummy_main=none
ac_cv_f77_mangling=$'lower case, underscore, extra underscore'
ac_cv_flibs=$' -Lc:/mingw/bin/../lib/gcc-lib/mingw32/3.2 -Lc:/mingw/bin/../lib/gcc-lib -L/mingw/lib/gcc-lib/mingw32/3.2 -Lc:/mingw/bin/../lib/gcc-lib/mingw32/3.2/../../../../mingw32/lib -L/mingw/lib/gcc-lib/mingw32/3.2/../../../../mingw32/lib -Lc:/mingw/bin/../lib/gcc-lib/mingw32/3.2/../../.. -L/mingw/lib/gcc-lib/mingw32/3.2/../../.. -lfrtbegin -lg2c -lmingw32 -lmoldname -lmingwex -lmsvcrt -luser32 -lkernel32 -ladvapi32 -lshell32'
ac_cv_func__doprnt=no
ac_cv_func_alloca_works=yes
ac_cv_func_floor=yes
ac_cv_func_fork=no
ac_cv_func_fork_works=no
ac_cv_func_lstat_dereferences_slashed_symlink=no
ac_cv_func_malloc_0_nonnull=yes
ac_cv_func_memchr=yes
ac_cv_func_memcmp_working=yes
ac_cv_func_memset=yes
ac_cv_func_pow=yes
ac_cv_func_realloc_0_nonnull=yes
ac_cv_func_setlocale=yes
ac_cv_func_sgemm_=no
ac_cv_func_sqrt=yes
ac_cv_func_stat_empty_string_bug=no
ac_cv_func_strchr=yes
ac_cv_func_strcoll_works=yes
ac_cv_func_strcspn=yes
ac_cv_func_strdup=yes
ac_cv_func_strerror=yes
ac_cv_func_strftime=yes
ac_cv_func_strpbrk=yes
ac_cv_func_strrchr=yes
ac_cv_func_strstr=yes
ac_cv_func_strtoul=yes
ac_cv_func_vfork=no
ac_cv_func_vfork_works=no
ac_cv_func_vprintf=yes
ac_cv_header_inttypes_h=yes
ac_cv_header_limits_h=yes
ac_cv_header_locale_h=yes
ac_cv_header_malloc_h=yes
ac_cv_header_memory_h=yes
ac_cv_header_readline_h=no
ac_cv_header_readline_readline_h=no
ac_cv_header_stdbool_h=yes
ac_cv_header_stdc=yes
ac_cv_header_stddef_h=yes
ac_cv_header_stdint_h=yes
ac_cv_header_stdlib_h=yes
ac_cv_header_string_h=yes
ac_cv_header_strings_h=yes
ac_cv_header_sys_stat_h=yes
ac_cv_header_sys_types_h=yes
ac_cv_header_unistd_h=yes
ac_cv_header_vfork_h=no
ac_cv_host=i686-pc-cygwin
ac_cv_host_alias=i686-pc-cygwin
ac_cv_lib_atlas_ATL_xerbla=no
ac_cv_lib_blas_sgemm_=no
ac_cv_lib_complib_sgimath_sgemm_=no
ac_cv_lib_cxml_sgemm_=no
ac_cv_lib_dxml_sgemm_=no
ac_cv_lib_error_at_line=no
ac_cv_lib_m_cos=yes
ac_cv_lib_scs_sgemm_=no
ac_cv_objext=o
ac_cv_path_AR=/cygdrive/c/mingw/bin/ar
ac_cv_path_MEX=/cygdrive/c/matlab6p5/bin/win32/mex.bat
ac_cv_path_install=$'/usr/bin/install -c'
ac_cv_prog_CPP=$'gcc -E'
ac_cv_prog_ac_ct_CC=gcc
ac_cv_prog_ac_ct_CXX=g++
ac_cv_prog_ac_ct_F77=g77
ac_cv_prog_ac_ct_RANLIB=ranlib
ac_cv_prog_cc_g=yes
ac_cv_prog_cc_stdc=
ac_cv_prog_cxx_g=yes
ac_cv_prog_egrep=$'grep -E'
ac_cv_prog_f77_g=yes
ac_cv_prog_f77_v=-v
ac_cv_prog_make_make_set=yes
ac_cv_struct_tm=time.h
ac_cv_type__Bool=yes
ac_cv_type_pid_t=yes
ac_cv_type_signal=void
ac_cv_type_size_t=yes
ac_cv_working_alloca_h=no
vl_cv_lib_readline=-lreadline
vl_cv_lib_readline_history=no

## ----------------- ##
## Output variables. ##
## ----------------- ##

ALLOCA=''
AR='/cygdrive/c/mingw/bin/ar'
ARFLAGS='rc'
BLAS_LIBS=''
CC='gcc'
CFLAGS='-g -O2'
CPP='gcc -E'
CPPFLAGS=''
CXX='g++'
CXXFLAGS='-g -O2'
DEFAULT_PROGRAMS='sugar-lua  mex'
DEFS='-DHAVE_CONFIG_H'
ECHO_C=''
ECHO_N='-n'
ECHO_T=''
EGREP='grep -E'
EXEEXT='.exe'
F77='g77'
FFLAGS='-g -O2'
FLIBS=' -Lc:/mingw/bin/../lib/gcc-lib/mingw32/3.2 -Lc:/mingw/bin/../lib/gcc-lib -L/mingw/lib/gcc-lib/mingw32/3.2 -Lc:/mingw/bin/../lib/gcc-lib/mingw32/3.2/../../../../mingw32/lib -L/mingw/lib/gcc-lib/mingw32/3.2/../../../../mingw32/lib -Lc:/mingw/bin/../lib/gcc-lib/mingw32/3.2/../../.. -L/mingw/lib/gcc-lib/mingw32/3.2/../../.. -lfrtbegin -lg2c -lmingw32 -lmoldname -lmingwex -lmsvcrt -luser32 -lkernel32 -ladvapi32 -lshell32'
FLTK_CONFIG=''
FLTK_CXXFLAGS=''
FLTK_LDFLAGS=''
INSTALL_DATA='${INSTALL} -m 644'
INSTALL_PROGRAM='${INSTALL}'
INSTALL_SCRIPT='${INSTALL}'
LAPACK_LIBS=''
LDFLAGS=''
LIBOBJS=' error$U.o lstat$U.o'
LIBS='-lm '
LTLIBOBJS=' error$U.lo lstat$U.lo'
MEX='/cygdrive/c/matlab6p5/bin/win32/mex.bat'
OBJEXT='o'
PACKAGE_BUGREPORT='dbindel@cs.berkeley.edu'
PACKAGE_NAME='SUGAR'
PACKAGE_STRING='SUGAR 3.1'
PACKAGE_TARNAME='sugar'
PACKAGE_VERSION='3.1'
PATH_SEPARATOR=':'
RANLIB='ranlib'
READLINE_LIBS='-lreadline'
SET_MAKE=''
SHELL='/bin/bash'
SUGAR_DATE='Fri Apr  4 10:59:37  2003'
SUGAR_HOST='i686-pc-cygwin'
SUPERLU_DIR=''
SUPERLU_LIB=''
X_CFLAGS=''
X_EXTRA_LIBS=''
X_LIBS=''
X_LIBS_ALL=''
X_PRE_LIBS=''
ac_ct_CC='gcc'
ac_ct_CXX='g++'
ac_ct_F77='g77'
ac_ct_RANLIB='ranlib'
bindir='${exec_prefix}/bin'
build='i686-pc-cygwin'
build_alias=''
build_cpu='i686'
build_os='cygwin'
build_vendor='pc'
datadir='${prefix}/share'
exec_prefix='${prefix}'
host='i686-pc-cygwin'
host_alias=''
host_cpu='i686'
host_os='cygwin'
host_vendor='pc'
includedir='${prefix}/include'
infodir='${prefix}/info'
libdir='${exec_prefix}/lib'
libexecdir='${exec_prefix}/libexec'
localstatedir='${prefix}/var'
mandir='${prefix}/man'
oldincludedir='/usr/include'
prefix='/usr/local'
program_transform_name='s,x,x,'
sbindir='${exec_prefix}/sbin'
sharedstatedir='${prefix}/com'
sysconfdir='${prefix}/etc'
target_alias=''

## ----------- ##
## confdefs.h. ##
## ----------- ##

#define HAVE_ALLOCA 1
#define HAVE_FLOOR 1
#define HAVE_INTTYPES_H 1
#define HAVE_LIBM 1
#define HAVE_LIMITS_H 1
#define HAVE_LOCALE_H 1
#define HAVE_MALLOC 1
#define HAVE_MALLOC_H 1
#define HAVE_MEMCHR 1
#define HAVE_MEMORY_H 1
#define HAVE_MEMSET 1
#define HAVE_POW 1
#define HAVE_READLINE 1
#define HAVE_REALLOC 1
#define HAVE_SETLOCALE 1
#define HAVE_SQRT 1
#define HAVE_STDBOOL_H 1
#define HAVE_STDDEF_H 1
#define HAVE_STDINT_H 1
#define HAVE_STDLIB_H 1
#define HAVE_STDLIB_H 1
#define HAVE_STDLIB_H 1
#define HAVE_STDLIB_H 1
#define HAVE_STRCHR 1
#define HAVE_STRCOLL 1
#define HAVE_STRCSPN 1
#define HAVE_STRDUP 1
#define HAVE_STRERROR 1
#define HAVE_STRFTIME 1
#define HAVE_STRINGS_H 1
#define HAVE_STRING_H 1
#define HAVE_STRING_H 1
#define HAVE_STRPBRK 1
#define HAVE_STRRCHR 1
#define HAVE_STRSTR 1
#define HAVE_STRTOUL 1
#define HAVE_SYS_STAT_H 1
#define HAVE_SYS_TYPES_H 1
#define HAVE_UNISTD_H 1
#define HAVE_UNISTD_H 1
#define HAVE_UNISTD_H 1
#define HAVE_VPRINTF 1
#define HAVE__BOOL 1
#define PACKAGE_BUGREPORT "dbindel@cs.berkeley.edu"
#define PACKAGE_NAME "SUGAR"
#define PACKAGE_STRING "SUGAR 3.1"
#define PACKAGE_TARNAME "sugar"
#define PACKAGE_VERSION "3.1"
#define RETSIGTYPE void
#define STDC_HEADERS 1
#define STDC_HEADERS 1
#define X_DISPLAY_MISSING 1
#define vfork fork
#endif
#ifdef __cplusplus
#include <stdlib.h>

configure: exit 0
